2025-05-22 13:14:44,748 - INFO - Application startup event triggered.
2025-05-22 13:14:44,748 - INFO - Initializing all queues...
2025-05-22 13:14:44,749 - INFO - All queues initialized on loop 29787952
2025-05-22 13:14:44,749 - INFO - Shared queues initialized.
2025-05-22 13:14:44,749 - INFO - Retrieved queue instances. Event loop ID: 29787952
2025-05-22 13:14:44,749 - INFO - SimulationManager initialized and stored in dependencies.
2025-05-22 13:14:44,749 - INFO - MessageProcessor task started.
2025-05-22 13:14:44,749 - INFO - QueueForwarder task started.
2025-05-22 13:14:44,749 - INFO - Application startup complete. All core services initialized.
2025-05-22 13:14:44,749 - INFO - Starting message processor
2025-05-22 13:14:44,750 - INFO - Starting queue forwarder
2025-05-22 13:14:47,546 - INFO - Simulation task starting
2025-05-22 13:14:47,546 - INFO - System message enqueued to backend queue
2025-05-22 13:14:47,548 - INFO - Successfully forwarded message sys_init to frontend
2025-05-22 13:15:06,565 - INFO - Simulation stopped
2025-05-22 13:15:08,026 - ERROR - Receive error: 1012
2025-05-22 13:15:08,026 - INFO - Connection closed for 127.0.0.1:58294
2025-05-22 13:15:08,126 - INFO - Application shutdown event triggered.
2025-05-22 13:15:08,126 - INFO - MessageProcessor task cancelled.
2025-05-22 13:15:08,126 - INFO - QueueForwarder task cancelled.
2025-05-22 13:15:08,127 - INFO - All WebSocket connections attempted to close.
2025-05-22 13:15:08,127 - INFO - Application shutdown complete.
2025-05-22 13:24:37,306 - INFO - Application startup event triggered.
2025-05-22 13:24:37,306 - INFO - Initializing all queues...
2025-05-22 13:24:37,306 - INFO - All queues initialized on loop 270280496
2025-05-22 13:24:37,306 - INFO - Shared queues initialized.
2025-05-22 13:24:37,307 - INFO - Retrieved queue instances. Event loop ID: 270280496
2025-05-22 13:24:37,307 - INFO - SimulationManager initialized and stored in dependencies.
2025-05-22 13:24:37,307 - INFO - MessageProcessor task started.
2025-05-22 13:24:37,307 - INFO - QueueForwarder task started.
2025-05-22 13:24:37,307 - INFO - Application startup complete. All core services initialized.
2025-05-22 13:24:37,307 - INFO - Starting message processor
2025-05-22 13:24:37,307 - INFO - Starting queue forwarder
2025-05-22 13:24:40,972 - INFO - Simulation task starting
2025-05-22 13:24:40,972 - INFO - System message enqueued to backend queue
2025-05-22 13:24:40,973 - INFO - Successfully forwarded message sys_init to frontend
2025-05-22 13:24:48,013 - INFO - Simulation stopped
2025-05-22 13:24:48,751 - ERROR - Receive error: 1012
2025-05-22 13:24:48,751 - INFO - Connection closed for 127.0.0.1:46096
2025-05-22 13:24:48,850 - INFO - Application shutdown event triggered.
2025-05-22 13:24:48,850 - INFO - MessageProcessor task cancelled.
2025-05-22 13:24:48,851 - INFO - QueueForwarder task cancelled.
2025-05-22 13:24:48,851 - INFO - All WebSocket connections attempted to close.
2025-05-22 13:24:48,851 - INFO - Application shutdown complete.
2025-05-22 13:45:33,075 - INFO - Application startup event triggered.
2025-05-22 13:45:33,075 - INFO - Initializing all queues...
2025-05-22 13:45:33,075 - INFO - All queues initialized on loop 353412912
2025-05-22 13:45:33,075 - INFO - Shared queues initialized.
2025-05-22 13:45:33,076 - INFO - Retrieved queue instances. Event loop ID: 353412912
2025-05-22 13:45:33,076 - INFO - SimulationManager initialized and stored in dependencies.
2025-05-22 13:51:07,801 - INFO - Application startup event triggered.
2025-05-22 13:51:07,801 - INFO - Initializing all queues...
2025-05-22 13:51:07,801 - INFO - All queues initialized on loop 792147760
2025-05-22 13:51:07,801 - INFO - Shared queues initialized.
2025-05-22 13:51:07,801 - INFO - Retrieved queue instances. Event loop ID: 792147760
2025-05-22 13:51:07,801 - INFO - SimulationManager initialized and stored in dependencies.
2025-05-22 13:51:07,802 - INFO - MessageProcessor queues verified
2025-05-22 13:51:07,802 - INFO - MessageProcessor task started.
2025-05-22 13:51:07,802 - INFO - QueueForwarder queues verified
2025-05-22 13:51:07,802 - INFO - QueueForwarder task started.
2025-05-22 13:51:07,802 - INFO - Application startup complete. All core services initialized.
2025-05-22 13:51:07,802 - INFO - Starting MessageProcessor
2025-05-22 13:51:07,802 - INFO - Starting QueueForwarder
2025-05-22 13:51:10,804 - INFO - Simulation task starting
2025-05-22 13:51:10,804 - INFO - System message enqueued to backend queue
2025-05-22 13:51:17,600 - INFO - Simulation stopped
2025-05-22 13:52:02,744 - ERROR - Receive error: 1001
2025-05-22 13:52:02,744 - INFO - Connection closed for 127.0.0.1:43510
2025-05-22 13:55:57,660 - INFO - Application shutdown event triggered.
2025-05-22 13:55:57,660 - INFO - MessageProcessor task cancelled.
2025-05-22 13:55:57,660 - INFO - QueueForwarder task cancelled.
2025-05-22 13:55:57,660 - INFO - All WebSocket connections attempted to close.
2025-05-22 13:55:57,660 - INFO - Application shutdown complete.
2025-05-22 15:56:58,825 - INFO - Application startup event triggered.
2025-05-22 15:56:58,825 - INFO - Initializing all queues...
2025-05-22 15:56:58,826 - INFO - All queues initialized on loop 614646368
2025-05-22 15:56:58,826 - INFO - Shared queues initialized.
2025-05-22 15:56:58,826 - INFO - Retrieved queue instances. Event loop ID: 614646368
2025-05-22 15:56:58,826 - INFO - SimulationManager initialized and stored in dependencies.
2025-05-22 15:56:58,826 - INFO - MessageProcessor queues verified
2025-05-22 15:56:58,826 - INFO - MessageProcessor task started.
2025-05-22 15:56:58,826 - INFO - QueueForwarder queues verified
2025-05-22 15:56:58,826 - INFO - QueueForwarder task started.
2025-05-22 15:56:58,826 - INFO - Application startup complete. All core services initialized.
2025-05-22 15:56:58,826 - INFO - Starting MessageProcessor
2025-05-22 15:56:58,827 - INFO - Starting QueueForwarder
2025-05-22 15:57:12,377 - INFO - Application shutdown event triggered.
2025-05-22 15:57:12,377 - INFO - Stopping MessageProcessor...
2025-05-22 15:57:12,377 - WARNING - MessageProcessor didn't stop cleanly
2025-05-22 15:57:12,377 - INFO - QueueForwarder task cancelled.
2025-05-22 15:57:12,377 - INFO - All WebSocket connections attempted to close.
2025-05-22 15:57:12,378 - INFO - Application shutdown complete.
2025-05-22 15:57:24,549 - INFO - Application startup event triggered.
2025-05-22 15:57:24,549 - INFO - Initializing all queues...
2025-05-22 15:57:24,549 - INFO - All queues initialized on loop 387778688
2025-05-22 15:57:24,549 - INFO - Shared queues initialized.
2025-05-22 15:57:24,549 - INFO - Retrieved queue instances. Event loop ID: 387778688
2025-05-22 15:57:24,549 - INFO - SimulationManager initialized and stored in dependencies.
2025-05-22 15:57:24,549 - INFO - MessageProcessor queues verified
2025-05-22 15:57:24,549 - INFO - MessageProcessor task started.
2025-05-22 15:57:24,549 - INFO - QueueForwarder queues verified
2025-05-22 15:57:24,549 - INFO - QueueForwarder task started.
2025-05-22 15:57:24,549 - INFO - Application startup complete. All core services initialized.
2025-05-22 15:57:24,550 - INFO - Starting MessageProcessor
2025-05-22 15:57:24,550 - INFO - Starting QueueForwarder
2025-05-22 15:57:25,863 - INFO - WebSocket connection established from Address(host='127.0.0.1', port=37246)
2025-05-22 15:57:25,863 - ERROR - Connection error for 127.0.0.1:37246: Expected ASGI message "websocket.send" or "websocket.close", but got 'websocket.accept'
2025-05-22 15:57:25,868 - INFO - Connection closed for 127.0.0.1:37246
2025-05-22 15:57:25,869 - ERROR - WebSocket error: WebSocket is not connected. Need to call "accept" first.
2025-05-22 15:57:25,869 - ERROR - Error closing WebSocket for Address(host='127.0.0.1', port=37246): Cannot call "send" once a close message has been sent.
2025-05-22 15:57:25,870 - INFO - Connection closed for Address(host='127.0.0.1', port=37246)
2025-05-22 15:57:25,870 - INFO - WebSocket connection closed cleanly
2025-05-22 15:57:25,877 - INFO - WebSocket connection established from Address(host='127.0.0.1', port=37260)
2025-05-22 15:57:25,877 - ERROR - Connection error for 127.0.0.1:37260: Expected ASGI message "websocket.send" or "websocket.close", but got 'websocket.accept'
2025-05-22 15:57:25,889 - INFO - Connection closed for 127.0.0.1:37260
2025-05-22 15:57:25,889 - ERROR - WebSocket error: WebSocket is not connected. Need to call "accept" first.
2025-05-22 15:57:25,889 - ERROR - Error closing WebSocket for Address(host='127.0.0.1', port=37260): Cannot call "send" once a close message has been sent.
2025-05-22 15:57:25,890 - INFO - Connection closed for Address(host='127.0.0.1', port=37260)
2025-05-22 15:57:25,890 - INFO - WebSocket connection closed cleanly
2025-05-22 15:57:39,293 - INFO - Application shutdown event triggered.
2025-05-22 15:57:39,293 - INFO - Stopping MessageProcessor...
2025-05-22 15:57:39,294 - WARNING - MessageProcessor didn't stop cleanly
2025-05-22 15:57:39,294 - INFO - QueueForwarder task cancelled.
2025-05-22 15:57:39,294 - INFO - All WebSocket connections attempted to close.
2025-05-22 15:57:39,294 - INFO - Application shutdown complete.
2025-05-22 16:00:00,584 - INFO - Application startup event triggered.
2025-05-22 16:00:00,585 - INFO - Initializing all queues...
2025-05-22 16:00:00,585 - INFO - All queues initialized on loop 808941696
2025-05-22 16:00:00,585 - INFO - Shared queues initialized.
2025-05-22 16:00:00,585 - INFO - Retrieved queue instances. Event loop ID: 808941696
2025-05-22 16:00:00,585 - INFO - SimulationManager initialized and stored in dependencies.
2025-05-22 16:00:00,585 - INFO - MessageProcessor queues verified
2025-05-22 16:00:00,585 - INFO - MessageProcessor task started.
2025-05-22 16:00:00,585 - INFO - QueueForwarder queues verified
2025-05-22 16:00:00,585 - INFO - QueueForwarder task started.
2025-05-22 16:00:00,585 - INFO - Application startup complete. All core services initialized.
2025-05-22 16:00:00,586 - INFO - Starting MessageProcessor
2025-05-22 16:00:00,586 - INFO - Starting QueueForwarder
2025-05-22 16:00:01,880 - INFO - WebSocket connection established from Address(host='127.0.0.1', port=52928)
2025-05-22 16:00:01,881 - ERROR - Connection error for 127.0.0.1:52928: Expected ASGI message "websocket.send" or "websocket.close", but got 'websocket.accept'
2025-05-22 16:00:01,885 - INFO - Connection closed for 127.0.0.1:52928
2025-05-22 16:00:01,885 - ERROR - WebSocket error: WebSocket is not connected. Need to call "accept" first.
2025-05-22 16:00:01,885 - ERROR - Error closing WebSocket for Address(host='127.0.0.1', port=52928): Cannot call "send" once a close message has been sent.
2025-05-22 16:00:01,885 - INFO - Connection closed for Address(host='127.0.0.1', port=52928)
2025-05-22 16:00:01,885 - ERROR - Error during WebSocket cleanup: Cannot call "send" once a close message has been sent.
2025-05-22 16:00:01,893 - INFO - WebSocket connection established from Address(host='127.0.0.1', port=52934)
2025-05-22 16:00:01,894 - ERROR - Connection error for 127.0.0.1:52934: Expected ASGI message "websocket.send" or "websocket.close", but got 'websocket.accept'
2025-05-22 16:00:01,904 - INFO - Connection closed for 127.0.0.1:52934
2025-05-22 16:00:01,905 - ERROR - WebSocket error: WebSocket is not connected. Need to call "accept" first.
2025-05-22 16:00:01,905 - ERROR - Error closing WebSocket for Address(host='127.0.0.1', port=52934): Cannot call "send" once a close message has been sent.
2025-05-22 16:00:01,905 - INFO - Connection closed for Address(host='127.0.0.1', port=52934)
2025-05-22 16:00:01,905 - ERROR - Error during WebSocket cleanup: Cannot call "send" once a close message has been sent.
2025-05-22 16:00:03,328 - INFO - Simulation task starting
2025-05-22 16:00:03,329 - INFO - System message enqueued to backend queue
2025-05-22 16:00:21,953 - INFO - Application shutdown event triggered.
2025-05-22 16:00:21,953 - INFO - SimulationManager stopped.
2025-05-22 16:00:21,953 - INFO - Stopping MessageProcessor...
2025-05-22 16:00:21,953 - WARNING - MessageProcessor didn't stop cleanly
2025-05-22 16:00:21,954 - WARNING - QueueForwarder instance or task not available for graceful shutdown.
2025-05-22 16:00:21,954 - INFO - All WebSocket connections attempted to close.
2025-05-22 16:00:21,954 - INFO - Application shutdown complete.
2025-05-22 16:03:08,875 - INFO - Application startup event triggered.
2025-05-22 16:03:08,875 - INFO - Initializing all queues...
2025-05-22 16:03:08,875 - INFO - All queues initialized on loop 795453568
2025-05-22 16:03:08,875 - INFO - Shared queues initialized.
2025-05-22 16:03:08,875 - INFO - Retrieved queue instances. Event loop ID: 795453568
2025-05-22 16:03:08,875 - INFO - SimulationManager initialized and stored in dependencies.
2025-05-22 16:03:08,876 - INFO - MessageProcessor queues verified
2025-05-22 16:03:08,876 - INFO - MessageProcessor task started.
2025-05-22 16:03:08,876 - INFO - QueueForwarder queues verified
2025-05-22 16:03:08,876 - INFO - QueueForwarder task started.
2025-05-22 16:03:08,876 - INFO - Application startup complete. All core services initialized.
2025-05-22 16:03:08,876 - INFO - Starting MessageProcessor
2025-05-22 16:03:08,877 - INFO - Starting QueueForwarder
2025-05-22 16:03:10,201 - INFO - WebSocket connection established from Address(host='127.0.0.1', port=45202)
2025-05-22 16:03:10,205 - ERROR - Receive error: 1001
2025-05-22 16:03:10,206 - ERROR - Error closing WebSocket for 127.0.0.1:45202: Unexpected ASGI message 'websocket.close', after sending 'websocket.close'.
2025-05-22 16:03:10,206 - INFO - Connection closed for 127.0.0.1:45202
2025-05-22 16:03:10,206 - ERROR - WebSocket error: WebSocket is not connected. Need to call "accept" first.
2025-05-22 16:03:10,206 - ERROR - Error closing WebSocket for Address(host='127.0.0.1', port=45202): Cannot call "send" once a close message has been sent.
2025-05-22 16:03:10,206 - INFO - Connection closed for Address(host='127.0.0.1', port=45202)
2025-05-22 16:03:10,206 - INFO - WebSocket connection closed for Address(host='127.0.0.1', port=45202)
2025-05-22 16:03:10,214 - INFO - WebSocket connection established from Address(host='127.0.0.1', port=45214)
2025-05-22 16:03:17,886 - INFO - Simulation task starting
2025-05-22 16:03:17,886 - INFO - System message enqueued to backend queue
2025-05-22 16:03:17,887 - ERROR - Send error: Cannot call "send" once a close message has been sent.
2025-05-22 16:03:26,029 - ERROR - Receive error: 1012
2025-05-22 16:03:26,030 - ERROR - Error closing WebSocket for 127.0.0.1:45214: Unexpected ASGI message 'websocket.close', after sending 'websocket.close'.
2025-05-22 16:03:26,030 - INFO - Connection closed for 127.0.0.1:45214
2025-05-22 16:03:26,030 - ERROR - WebSocket error: WebSocket is not connected. Need to call "accept" first.
2025-05-22 16:03:26,030 - ERROR - Error closing WebSocket for Address(host='127.0.0.1', port=45214): Cannot call "send" once a close message has been sent.
2025-05-22 16:03:26,030 - INFO - Connection closed for Address(host='127.0.0.1', port=45214)
2025-05-22 16:03:26,030 - INFO - WebSocket connection closed for Address(host='127.0.0.1', port=45214)
2025-05-22 16:03:26,233 - INFO - Application shutdown event triggered.
2025-05-22 16:03:26,233 - INFO - SimulationManager stopped.
2025-05-22 16:03:26,233 - INFO - Stopping MessageProcessor...
2025-05-22 16:03:26,233 - WARNING - QueueForwarder instance or task not available for graceful shutdown.
2025-05-22 16:03:26,233 - INFO - All WebSocket connections attempted to close.
2025-05-22 16:03:26,233 - INFO - Application shutdown complete.
2025-05-22 16:05:54,855 - INFO - Application startup event triggered.
2025-05-22 16:05:54,855 - INFO - Initializing all queues...
2025-05-22 16:05:54,856 - INFO - All queues initialized on loop 776222848
2025-05-22 16:05:54,856 - INFO - Shared queues initialized.
2025-05-22 16:05:54,856 - INFO - Retrieved queue instances. Event loop ID: 776222848
2025-05-22 16:05:54,856 - INFO - SimulationManager initialized and stored in dependencies.
2025-05-22 16:05:54,856 - INFO - MessageProcessor queues verified
2025-05-22 16:05:54,856 - INFO - MessageProcessor task started.
2025-05-22 16:05:54,856 - INFO - QueueForwarder queues verified
2025-05-22 16:05:54,856 - INFO - QueueForwarder task started.
2025-05-22 16:05:54,856 - INFO - Application startup complete. All core services initialized.
2025-05-22 16:05:54,856 - INFO - Starting MessageProcessor
2025-05-22 16:05:54,856 - INFO - Starting QueueForwarder
2025-05-22 16:05:56,160 - INFO - WebSocket connection established from Address(host='127.0.0.1', port=35564)
2025-05-22 16:05:56,163 - ERROR - Receive error: 1001
2025-05-22 16:05:56,163 - ERROR - Error closing WebSocket for 127.0.0.1:35564: Unexpected ASGI message 'websocket.close', after sending 'websocket.close'.
2025-05-22 16:05:56,163 - INFO - Connection closed for 127.0.0.1:35564
2025-05-22 16:05:56,164 - ERROR - WebSocket error: WebSocket is not connected. Need to call "accept" first.
2025-05-22 16:05:56,164 - ERROR - Error closing WebSocket for Address(host='127.0.0.1', port=35564): Cannot call "send" once a close message has been sent.
2025-05-22 16:05:56,164 - INFO - Connection closed for Address(host='127.0.0.1', port=35564)
2025-05-22 16:05:56,164 - INFO - WebSocket connection closed for Address(host='127.0.0.1', port=35564)
2025-05-22 16:05:56,173 - INFO - WebSocket connection established from Address(host='127.0.0.1', port=35574)
2025-05-22 16:05:58,354 - INFO - Simulation task starting
2025-05-22 16:05:58,355 - INFO - System message enqueued to backend queue
2025-05-22 16:05:58,355 - ERROR - Send error: Cannot call "send" once a close message has been sent.
2025-05-22 16:06:12,907 - ERROR - Receive error: 1012
2025-05-22 16:06:12,907 - ERROR - Error closing WebSocket for 127.0.0.1:35574: Unexpected ASGI message 'websocket.close', after sending 'websocket.close'.
2025-05-22 16:06:12,907 - INFO - Connection closed for 127.0.0.1:35574
2025-05-22 16:06:12,908 - ERROR - WebSocket error: WebSocket is not connected. Need to call "accept" first.
2025-05-22 16:06:12,908 - ERROR - Error closing WebSocket for Address(host='127.0.0.1', port=35574): Cannot call "send" once a close message has been sent.
2025-05-22 16:06:12,908 - INFO - Connection closed for Address(host='127.0.0.1', port=35574)
2025-05-22 16:06:12,908 - INFO - WebSocket connection closed for Address(host='127.0.0.1', port=35574)
2025-05-22 16:06:13,010 - INFO - Application shutdown event triggered.
2025-05-22 16:06:13,010 - INFO - SimulationManager stopped.
2025-05-22 16:06:13,010 - INFO - Stopping MessageProcessor...
2025-05-22 16:06:13,010 - WARNING - QueueForwarder instance or task not available for graceful shutdown.
2025-05-22 16:06:13,011 - INFO - All WebSocket connections attempted to close.
2025-05-22 16:06:13,011 - INFO - Application shutdown complete.
2025-05-22 16:08:45,244 - INFO - Application startup event triggered.
2025-05-22 16:08:45,244 - INFO - Initializing all queues...
2025-05-22 16:08:45,244 - INFO - All queues initialized on loop 836790672
2025-05-22 16:08:45,244 - INFO - Shared queues initialized.
2025-05-22 16:08:45,244 - INFO - Retrieved queue instances. Event loop ID: 836790672
2025-05-22 16:08:45,245 - INFO - SimulationManager initialized and stored in dependencies.
2025-05-22 16:08:45,245 - INFO - MessageProcessor queues verified
2025-05-22 16:08:45,245 - INFO - MessageProcessor task started.
2025-05-22 16:08:45,245 - INFO - QueueForwarder queues verified
2025-05-22 16:08:45,245 - INFO - QueueForwarder task started.
2025-05-22 16:08:45,245 - INFO - Application startup complete. All core services initialized.
2025-05-22 16:08:45,245 - INFO - Starting MessageProcessor
2025-05-22 16:08:45,245 - INFO - Starting QueueForwarder
2025-05-22 16:09:06,509 - INFO - Application shutdown event triggered.
2025-05-22 16:09:06,510 - INFO - Stopping MessageProcessor...
2025-05-22 16:09:06,510 - WARNING - MessageProcessor didn't stop cleanly
2025-05-22 16:09:06,510 - INFO - QueueForwarder task cancelled.
2025-05-22 16:09:06,510 - INFO - All WebSocket connections attempted to close.
2025-05-22 16:09:06,510 - INFO - Application shutdown complete.
2025-05-22 16:09:21,271 - INFO - Application startup event triggered.
2025-05-22 16:09:21,271 - INFO - Initializing all queues...
2025-05-22 16:09:21,271 - INFO - All queues initialized on loop 1078958208
2025-05-22 16:09:21,271 - INFO - Shared queues initialized.
2025-05-22 16:09:21,271 - INFO - Retrieved queue instances. Event loop ID: 1078958208
2025-05-22 16:09:21,271 - INFO - SimulationManager initialized and stored in dependencies.
2025-05-22 16:09:21,271 - INFO - MessageProcessor queues verified
2025-05-22 16:09:21,271 - INFO - MessageProcessor task started.
2025-05-22 16:09:21,271 - INFO - QueueForwarder queues verified
2025-05-22 16:09:21,272 - INFO - QueueForwarder task started.
2025-05-22 16:09:21,272 - INFO - Application startup complete. All core services initialized.
2025-05-22 16:09:21,272 - INFO - Starting MessageProcessor
2025-05-22 16:09:21,272 - INFO - Starting QueueForwarder
2025-05-22 16:09:22,558 - INFO - WebSocket connection established from Address(host='127.0.0.1', port=54618)
2025-05-22 16:09:22,565 - ERROR - Receive error: 1001
2025-05-22 16:09:22,565 - INFO - Connection cleanup completed for 127.0.0.1:54618
2025-05-22 16:09:22,565 - ERROR - WebSocket error: Cannot call "receive" once a disconnect message has been received.
2025-05-22 16:09:22,565 - INFO - Connection cleanup completed for Address(host='127.0.0.1', port=54618)
2025-05-22 16:09:22,566 - INFO - WebSocket connection closed for Address(host='127.0.0.1', port=54618)
2025-05-22 16:09:22,573 - INFO - WebSocket connection established from Address(host='127.0.0.1', port=54628)
2025-05-22 16:09:24,783 - INFO - Simulation task starting
2025-05-22 16:09:24,784 - INFO - System message enqueued to backend queue
2025-05-22 16:09:24,784 - ERROR - Send error: Unexpected ASGI message 'websocket.send', after sending 'websocket.close'.
2025-05-22 16:09:31,809 - ERROR - Receive error: 1012
2025-05-22 16:09:31,810 - INFO - Connection cleanup completed for 127.0.0.1:54628
2025-05-22 16:09:31,810 - ERROR - WebSocket error: Cannot call "receive" once a disconnect message has been received.
2025-05-22 16:09:31,810 - INFO - Connection cleanup completed for Address(host='127.0.0.1', port=54628)
2025-05-22 16:09:31,810 - INFO - WebSocket connection closed for Address(host='127.0.0.1', port=54628)
2025-05-22 16:09:32,014 - INFO - Application shutdown event triggered.
2025-05-22 16:09:32,014 - INFO - SimulationManager stopped.
2025-05-22 16:09:32,014 - INFO - Stopping MessageProcessor...
2025-05-22 16:09:32,014 - WARNING - QueueForwarder instance or task not available for graceful shutdown.
2025-05-22 16:09:32,014 - INFO - All WebSocket connections attempted to close.
2025-05-22 16:09:32,014 - INFO - Application shutdown complete.
2025-05-22 16:10:51,412 - INFO - Application startup event triggered.
2025-05-22 16:10:51,412 - INFO - Initializing all queues...
2025-05-22 16:10:51,412 - INFO - All queues initialized on loop 457562240
2025-05-22 16:10:51,413 - INFO - Shared queues initialized.
2025-05-22 16:10:51,413 - INFO - Retrieved queue instances. Event loop ID: 457562240
2025-05-22 16:10:51,413 - INFO - SimulationManager initialized and stored in dependencies.
2025-05-22 16:10:51,413 - INFO - MessageProcessor queues verified
2025-05-22 16:10:51,413 - INFO - MessageProcessor task started.
2025-05-22 16:10:51,413 - INFO - QueueForwarder queues verified
2025-05-22 16:10:51,414 - INFO - QueueForwarder task started.
2025-05-22 16:10:51,414 - INFO - Application startup complete. All core services initialized.
2025-05-22 16:10:51,414 - INFO - Starting MessageProcessor
2025-05-22 16:10:51,414 - INFO - Starting QueueForwarder
2025-05-22 16:10:52,724 - INFO - WebSocket connection established from Address(host='127.0.0.1', port=57560)
2025-05-22 16:10:52,728 - ERROR - Receive error: 1001
2025-05-22 16:10:52,728 - INFO - Connection cleanup completed for 127.0.0.1:57560
2025-05-22 16:10:52,728 - ERROR - WebSocket error: Cannot call "receive" once a disconnect message has been received.
2025-05-22 16:10:52,729 - INFO - Connection cleanup completed for Address(host='127.0.0.1', port=57560)
2025-05-22 16:10:52,729 - INFO - WebSocket connection closed for Address(host='127.0.0.1', port=57560)
2025-05-22 16:10:52,737 - INFO - WebSocket connection established from Address(host='127.0.0.1', port=57568)
2025-05-22 16:13:51,621 - ERROR - Receive error: 1012
2025-05-22 16:13:51,621 - INFO - Connection cleanup completed for 127.0.0.1:57568
2025-05-22 16:13:51,621 - ERROR - WebSocket error: Cannot call "receive" once a disconnect message has been received.
2025-05-22 16:13:51,621 - INFO - Connection cleanup completed for Address(host='127.0.0.1', port=57568)
2025-05-22 16:13:51,621 - INFO - WebSocket connection closed for Address(host='127.0.0.1', port=57568)
2025-05-22 16:13:51,720 - INFO - Application shutdown event triggered.
2025-05-22 16:13:51,720 - INFO - Stopping MessageProcessor...
2025-05-22 16:13:51,721 - WARNING - MessageProcessor didn't stop cleanly
2025-05-22 16:13:51,721 - INFO - QueueForwarder task cancelled.
2025-05-22 16:13:51,721 - INFO - All WebSocket connections attempted to close.
2025-05-22 16:13:51,721 - INFO - Application shutdown complete.
2025-05-22 16:19:30,169 - INFO - Application startup event triggered.
2025-05-22 16:19:30,169 - INFO - Initializing all queues...
2025-05-22 16:19:30,170 - INFO - All queues initialized on loop 820889728
2025-05-22 16:19:30,170 - INFO - Shared queues initialized.
2025-05-22 16:19:30,170 - INFO - Retrieved queue instances. Event loop ID: 820889728
2025-05-22 16:19:30,170 - INFO - SimulationManager initialized and stored in dependencies.
2025-05-22 16:19:30,170 - INFO - MessageProcessor queues verified
2025-05-22 16:19:30,170 - INFO - MessageProcessor task started.
2025-05-22 16:19:30,170 - INFO - QueueForwarder queues verified
2025-05-22 16:19:30,170 - INFO - QueueForwarder task started.
2025-05-22 16:19:30,170 - INFO - Application startup complete. All core services initialized.
2025-05-22 16:19:30,171 - INFO - Starting MessageProcessor
2025-05-22 16:19:30,171 - INFO - Starting QueueForwarder
2025-05-22 16:19:31,492 - INFO - WebSocket connection established from Address(host='127.0.0.1', port=37550)
2025-05-22 16:19:31,506 - INFO - WebSocket connection established from Address(host='127.0.0.1', port=37566)
2025-05-22 16:19:31,517 - ERROR - Receive error: 1001
2025-05-22 16:19:31,518 - INFO - Connection cleanup completed for 127.0.0.1:37550
2025-05-22 16:19:31,518 - ERROR - WebSocket error: Cannot call "receive" once a disconnect message has been received.
2025-05-22 16:19:31,518 - INFO - Connection cleanup completed for Address(host='127.0.0.1', port=37550)
2025-05-22 16:19:31,518 - INFO - WebSocket connection closed for Address(host='127.0.0.1', port=37550)
2025-05-22 16:19:33,053 - INFO - Simulation task starting
2025-05-22 16:19:33,053 - INFO - System message enqueued to backend queue
2025-05-22 16:19:33,053 - ERROR - Send error: Unexpected ASGI message 'websocket.send', after sending 'websocket.close'.
2025-05-22 16:20:01,523 - INFO - Enqueuing valid message of type 'ping'
2025-05-22 16:20:01,523 - ERROR - Receive error: Invalid message format for queue from_frontend
2025-05-22 16:20:01,524 - INFO - Closed WebSocket connection for 127.0.0.1:37566
2025-05-22 16:20:01,525 - INFO - Connection cleanup completed for 127.0.0.1:37566
2025-05-22 16:20:01,525 - ERROR - WebSocket error: WebSocket is not connected. Need to call "accept" first.
2025-05-22 16:20:01,525 - INFO - Connection cleanup completed for Address(host='127.0.0.1', port=37566)
2025-05-22 16:20:01,525 - ERROR - Error during WebSocket cleanup: Cannot call "send" once a close message has been sent.
2025-05-22 16:22:52,149 - INFO - Application shutdown event triggered.
2025-05-22 16:22:52,149 - INFO - SimulationManager stopped.
2025-05-22 16:22:52,149 - INFO - Stopping MessageProcessor...
2025-05-22 16:22:52,149 - WARNING - QueueForwarder instance or task not available for graceful shutdown.
2025-05-22 16:22:52,150 - INFO - All WebSocket connections attempted to close.
2025-05-22 16:22:52,150 - INFO - Application shutdown complete.
2025-05-22 16:24:08,339 - INFO - Application startup event triggered.
2025-05-22 16:24:08,339 - INFO - Initializing all queues...
2025-05-22 16:24:08,339 - INFO - All queues initialized on loop 74520704
2025-05-22 16:24:08,339 - INFO - Shared queues initialized.
2025-05-22 16:24:08,340 - INFO - Retrieved queue instances. Event loop ID: 74520704
2025-05-22 16:24:08,340 - INFO - SimulationManager initialized and stored in dependencies.
2025-05-22 16:24:08,340 - INFO - MessageProcessor queues verified
2025-05-22 16:24:08,340 - INFO - MessageProcessor task started.
2025-05-22 16:24:08,340 - INFO - QueueForwarder queues verified
2025-05-22 16:24:08,340 - INFO - QueueForwarder task started.
2025-05-22 16:24:08,340 - INFO - Application startup complete. All core services initialized.
2025-05-22 16:24:08,340 - INFO - Starting MessageProcessor
2025-05-22 16:24:08,340 - INFO - Starting QueueForwarder
2025-05-22 16:24:09,710 - INFO - WebSocket connection established from Address(host='127.0.0.1', port=55562)
2025-05-22 16:24:12,198 - INFO - Simulation task starting
2025-05-22 16:24:12,198 - INFO - System message enqueued to backend queue
2025-05-22 16:24:39,717 - INFO - Enqueuing valid message of type 'ping'
2025-05-22 16:24:39,717 - ERROR - Receive error: Invalid message format for queue from_frontend
2025-05-22 16:24:39,719 - INFO - Closed WebSocket connection for 127.0.0.1:55562
2025-05-22 16:24:39,719 - INFO - Connection cleanup completed for 127.0.0.1:55562
2025-05-22 16:24:39,719 - ERROR - WebSocket error: WebSocket is not connected. Need to call "accept" first.
2025-05-22 16:24:39,719 - INFO - Connection cleanup completed for Address(host='127.0.0.1', port=55562)
2025-05-22 16:24:39,719 - ERROR - Error during WebSocket cleanup: Cannot call "send" once a close message has been sent.
2025-05-22 16:24:45,050 - INFO - Application shutdown event triggered.
2025-05-22 16:24:45,051 - INFO - SimulationManager stopped.
2025-05-22 16:24:45,051 - INFO - Stopping MessageProcessor...
2025-05-22 16:24:45,051 - WARNING - QueueForwarder instance or task not available for graceful shutdown.
2025-05-22 16:24:45,051 - INFO - All WebSocket connections attempted to close.
2025-05-22 16:24:45,051 - INFO - Application shutdown complete.
2025-05-22 16:25:59,235 - INFO - Application startup event triggered.
2025-05-22 16:25:59,235 - INFO - Initializing all queues...
2025-05-22 16:25:59,236 - INFO - All queues initialized on loop 435837056
2025-05-22 16:25:59,236 - INFO - Shared queues initialized.
2025-05-22 16:25:59,236 - INFO - Retrieved queue instances. Event loop ID: 435837056
2025-05-22 16:25:59,236 - INFO - SimulationManager initialized and stored in dependencies.
2025-05-22 16:25:59,236 - INFO - MessageProcessor queues verified
2025-05-22 16:25:59,236 - INFO - MessageProcessor task started.
2025-05-22 16:25:59,236 - INFO - QueueForwarder queues verified
2025-05-22 16:25:59,236 - INFO - QueueForwarder task started.
2025-05-22 16:25:59,236 - INFO - Application startup complete. All core services initialized.
2025-05-22 16:25:59,236 - INFO - Starting MessageProcessor
2025-05-22 16:25:59,237 - INFO - Starting QueueForwarder
2025-05-22 16:26:00,547 - INFO - WebSocket connection established from Address(host='127.0.0.1', port=40200)
2025-05-22 16:26:09,104 - INFO - Simulation task starting
2025-05-22 16:26:09,104 - INFO - System message enqueued to backend queue
2025-05-22 16:26:23,289 - ERROR - Receive error: 1001
2025-05-22 16:26:23,289 - INFO - Connection cleanup completed for 127.0.0.1:40200
2025-05-22 16:26:23,290 - ERROR - WebSocket error: Cannot call "receive" once a disconnect message has been received.
2025-05-22 16:26:23,290 - INFO - Connection cleanup completed for Address(host='127.0.0.1', port=40200)
2025-05-22 16:26:23,290 - INFO - WebSocket connection closed for Address(host='127.0.0.1', port=40200)
2025-05-22 16:27:30,300 - INFO - Application shutdown event triggered.
2025-05-22 16:27:30,300 - INFO - SimulationManager stopped.
2025-05-22 16:27:30,300 - INFO - Stopping MessageProcessor...
2025-05-22 16:27:30,300 - WARNING - QueueForwarder instance or task not available for graceful shutdown.
2025-05-22 16:27:30,300 - INFO - All WebSocket connections attempted to close.
2025-05-22 16:27:30,300 - INFO - Application shutdown complete.
2025-05-22 16:28:20,364 - INFO - Application startup event triggered.
2025-05-22 16:28:20,364 - INFO - Initializing all queues...
2025-05-22 16:28:20,364 - INFO - All queues initialized on loop 926341248
2025-05-22 16:28:20,364 - INFO - Shared queues initialized.
2025-05-22 16:28:20,364 - INFO - Retrieved queue instances. Event loop ID: 926341248
2025-05-22 16:28:20,364 - INFO - SimulationManager initialized and stored in dependencies.
2025-05-22 16:28:20,364 - INFO - MessageProcessor queues verified
2025-05-22 16:28:20,364 - INFO - MessageProcessor task started.
2025-05-22 16:28:20,365 - INFO - QueueForwarder queues verified
2025-05-22 16:28:20,365 - INFO - QueueForwarder task started.
2025-05-22 16:28:20,365 - INFO - Application startup complete. All core services initialized.
2025-05-22 16:28:20,365 - INFO - Starting MessageProcessor
2025-05-22 16:28:20,365 - INFO - Starting QueueForwarder
2025-05-22 16:28:21,686 - INFO - WebSocket connection established from Address(host='127.0.0.1', port=44362)
2025-05-22 16:28:23,122 - INFO - Simulation task starting
2025-05-22 16:28:23,123 - INFO - System message enqueued to backend queue
2025-05-22 16:28:43,612 - ERROR - Receive error: 1001
2025-05-22 16:28:43,612 - INFO - Connection cleanup completed for 127.0.0.1:44362
2025-05-22 16:28:43,612 - ERROR - WebSocket error: Cannot call "receive" once a disconnect message has been received.
2025-05-22 16:28:43,612 - INFO - Connection cleanup completed for Address(host='127.0.0.1', port=44362)
2025-05-22 16:28:43,613 - INFO - WebSocket connection closed for Address(host='127.0.0.1', port=44362)
2025-05-22 16:29:39,101 - INFO - Application shutdown event triggered.
2025-05-22 16:29:39,101 - INFO - SimulationManager stopped.
2025-05-22 16:29:39,101 - INFO - Stopping MessageProcessor...
2025-05-22 16:29:39,101 - WARNING - QueueForwarder instance or task not available for graceful shutdown.
2025-05-22 16:29:39,101 - INFO - All WebSocket connections attempted to close.
2025-05-22 16:29:39,102 - INFO - Application shutdown complete.
2025-05-22 16:33:19,092 - INFO - Application startup event triggered.
2025-05-22 16:33:19,092 - INFO - Initializing all queues...
2025-05-22 16:33:19,092 - INFO - All queues initialized on loop 400025728
2025-05-22 16:33:19,092 - INFO - Shared queues initialized.
2025-05-22 16:33:19,092 - INFO - Retrieved queue instances. Event loop ID: 400025728
2025-05-22 16:33:19,092 - INFO - SimulationManager initialized and stored in dependencies.
2025-05-22 16:33:19,092 - INFO - MessageProcessor queues verified
2025-05-22 16:33:19,093 - INFO - MessageProcessor task started.
2025-05-22 16:33:19,093 - INFO - QueueForwarder queues verified
2025-05-22 16:33:19,093 - INFO - QueueForwarder task started.
2025-05-22 16:33:19,093 - INFO - Application startup complete. All core services initialized.
2025-05-22 16:33:19,093 - INFO - Starting MessageProcessor
2025-05-22 16:33:19,093 - INFO - Starting QueueForwarder
2025-05-22 16:33:20,396 - INFO - WebSocket connection established from Address(host='127.0.0.1', port=46572)
2025-05-22 16:33:22,371 - INFO - Simulation task starting
2025-05-22 16:33:22,371 - INFO - System message enqueued to backend queue
2025-05-22 16:33:50,418 - INFO - Enqueuing valid message of type 'ping'
2025-05-22 16:33:50,418 - ERROR - Receive error: Invalid message format for queue from_frontend
2025-05-22 16:33:50,420 - INFO - Closed WebSocket connection for 127.0.0.1:46572
2025-05-22 16:33:50,420 - INFO - Connection cleanup completed for 127.0.0.1:46572
2025-05-22 16:33:50,420 - ERROR - WebSocket error: WebSocket is not connected. Need to call "accept" first.
2025-05-22 16:33:50,420 - INFO - Connection cleanup completed for Address(host='127.0.0.1', port=46572)
2025-05-22 16:33:50,420 - ERROR - Error during WebSocket cleanup: Cannot call "send" once a close message has been sent.
2025-05-22 16:34:15,258 - INFO - Application shutdown event triggered.
2025-05-22 16:34:15,258 - INFO - SimulationManager stopped.
2025-05-22 16:34:15,258 - INFO - Stopping MessageProcessor...
2025-05-22 16:34:15,258 - WARNING - QueueForwarder instance or task not available for graceful shutdown.
2025-05-22 16:34:15,258 - INFO - All WebSocket connections attempted to close.
2025-05-22 16:34:15,258 - INFO - Application shutdown complete.
2025-05-22 16:35:33,702 - INFO - Application startup event triggered.
2025-05-22 16:35:33,702 - INFO - Initializing all queues...
2025-05-22 16:35:33,702 - INFO - All queues initialized on loop 628861056
2025-05-22 16:35:33,703 - INFO - Shared queues initialized.
2025-05-22 16:35:33,703 - INFO - Retrieved queue instances. Event loop ID: 628861056
2025-05-22 16:35:33,703 - INFO - SimulationManager initialized and stored in dependencies.
2025-05-22 16:35:33,703 - INFO - MessageProcessor queues verified
2025-05-22 16:35:33,703 - INFO - MessageProcessor task started.
2025-05-22 16:35:33,703 - INFO - QueueForwarder queues verified
2025-05-22 16:35:33,703 - INFO - QueueForwarder task started.
2025-05-22 16:35:33,703 - INFO - Application startup complete. All core services initialized.
2025-05-22 16:35:33,703 - INFO - Starting MessageProcessor
2025-05-22 16:35:33,704 - INFO - Starting QueueForwarder
2025-05-22 16:35:35,013 - INFO - WebSocket connection established from Address(host='127.0.0.1', port=48280)
2025-05-22 16:35:36,836 - INFO - Simulation task starting
2025-05-22 16:35:36,836 - INFO - System message enqueued to backend queue
2025-05-22 16:36:01,583 - ERROR - Receive error: 1012
2025-05-22 16:36:01,584 - INFO - Connection cleanup completed for 127.0.0.1:48280
2025-05-22 16:36:01,584 - ERROR - WebSocket error: Cannot call "receive" once a disconnect message has been received.
2025-05-22 16:36:01,584 - INFO - Connection cleanup completed for Address(host='127.0.0.1', port=48280)
2025-05-22 16:36:01,585 - INFO - WebSocket connection closed for Address(host='127.0.0.1', port=48280)
2025-05-22 16:36:03,090 - INFO - Application shutdown event triggered.
2025-05-22 16:36:03,090 - INFO - SimulationManager stopped.
2025-05-22 16:36:03,090 - INFO - Stopping MessageProcessor...
2025-05-22 16:36:03,090 - WARNING - QueueForwarder instance or task not available for graceful shutdown.
2025-05-22 16:36:03,091 - INFO - All WebSocket connections attempted to close.
2025-05-22 16:36:03,091 - INFO - Application shutdown complete.
2025-05-22 16:40:35,873 - INFO - Application startup event triggered.
2025-05-22 16:40:35,873 - INFO - Initializing all queues...
2025-05-22 16:40:35,873 - INFO - All queues initialized on loop 927676544
2025-05-22 16:40:35,873 - INFO - Shared queues initialized.
2025-05-22 16:40:35,873 - INFO - Retrieved queue instances. Event loop ID: 927676544
2025-05-22 16:40:35,873 - INFO - SimulationManager initialized and stored in dependencies.
2025-05-22 16:40:35,874 - INFO - MessageProcessor queues verified
2025-05-22 16:40:35,874 - INFO - MessageProcessor task started.
2025-05-22 16:40:35,874 - INFO - QueueForwarder queues verified
2025-05-22 16:40:35,874 - INFO - QueueForwarder task started.
2025-05-22 16:40:35,874 - INFO - Application startup complete. All core services initialized.
2025-05-22 16:40:35,874 - INFO - Starting MessageProcessor
2025-05-22 16:40:35,874 - INFO - Starting QueueForwarder
2025-05-22 16:40:37,156 - INFO - WebSocket connection established from Address(host='127.0.0.1', port=35618)
2025-05-22 16:40:38,528 - INFO - Simulation task starting
2025-05-22 16:40:38,528 - INFO - System message enqueued to backend queue
2025-05-22 16:40:54,828 - ERROR - Receive error: 1012
2025-05-22 16:40:54,829 - INFO - Connection cleanup completed for 127.0.0.1:35618
2025-05-22 16:40:54,829 - ERROR - WebSocket error: Cannot call "receive" once a disconnect message has been received.
2025-05-22 16:40:54,829 - INFO - Connection cleanup completed for Address(host='127.0.0.1', port=35618)
2025-05-22 16:40:54,829 - INFO - WebSocket connection closed for Address(host='127.0.0.1', port=35618)
2025-05-22 16:40:55,032 - INFO - Application shutdown event triggered.
2025-05-22 16:40:55,032 - INFO - SimulationManager stopped.
2025-05-22 16:40:55,032 - INFO - Stopping MessageProcessor...
2025-05-22 16:40:55,032 - WARNING - QueueForwarder instance or task not available for graceful shutdown.
2025-05-22 16:40:55,033 - INFO - All WebSocket connections attempted to close.
2025-05-22 16:40:55,033 - INFO - Application shutdown complete.
2025-05-22 16:43:30,992 - INFO - Application startup event triggered.
2025-05-22 16:43:30,993 - INFO - Initializing all queues...
2025-05-22 16:43:30,993 - INFO - All queues initialized on loop 84994176
2025-05-22 16:43:30,993 - INFO - Shared queues initialized.
2025-05-22 16:43:30,993 - INFO - Retrieved queue instances. Event loop ID: 84994176
2025-05-22 16:43:30,993 - INFO - SimulationManager initialized and stored in dependencies.
2025-05-22 16:43:30,993 - INFO - MessageProcessor queues verified
2025-05-22 16:43:30,993 - INFO - MessageProcessor task started.
2025-05-22 16:43:30,993 - INFO - QueueForwarder queues verified
2025-05-22 16:43:30,993 - INFO - QueueForwarder task started.
2025-05-22 16:43:30,993 - INFO - Application startup complete. All core services initialized.
2025-05-22 16:43:30,994 - INFO - Starting MessageProcessor
2025-05-22 16:43:30,994 - INFO - Starting QueueForwarder
2025-05-22 16:43:32,270 - INFO - WebSocket connection established from Address(host='127.0.0.1', port=59444)
2025-05-22 16:43:34,707 - INFO - Simulation task starting
2025-05-22 16:43:34,708 - INFO - System message enqueued to backend queue
2025-05-22 16:44:00,407 - ERROR - Receive error: 1001
2025-05-22 16:44:00,407 - INFO - Connection cleanup completed for 127.0.0.1:59444
2025-05-22 16:44:00,408 - ERROR - WebSocket error: Cannot call "receive" once a disconnect message has been received.
2025-05-22 16:44:00,408 - INFO - Connection cleanup completed for Address(host='127.0.0.1', port=59444)
2025-05-22 16:44:00,408 - INFO - WebSocket connection closed for Address(host='127.0.0.1', port=59444)
2025-05-22 16:44:02,496 - INFO - Application shutdown event triggered.
2025-05-22 16:44:02,496 - INFO - SimulationManager stopped.
2025-05-22 16:44:02,496 - INFO - Stopping MessageProcessor...
2025-05-22 16:44:02,496 - WARNING - QueueForwarder instance or task not available for graceful shutdown.
2025-05-22 16:44:02,496 - INFO - All WebSocket connections attempted to close.
2025-05-22 16:44:02,496 - INFO - Application shutdown complete.
2025-05-22 16:59:30,177 - INFO - Application startup event triggered.
2025-05-22 16:59:30,178 - INFO - Initializing all queues...
2025-05-22 16:59:30,178 - INFO - All queues initialized on loop 700074112
2025-05-22 16:59:30,178 - INFO - Shared queues initialized.
2025-05-22 16:59:30,178 - INFO - Retrieved queue instances. Event loop ID: 700074112
2025-05-22 16:59:30,178 - INFO - SimulationManager initialized and stored in dependencies.
2025-05-22 16:59:30,178 - INFO - MessageProcessor queues verified
2025-05-22 16:59:30,178 - INFO - MessageProcessor task started.
2025-05-22 16:59:30,178 - INFO - QueueForwarder queues verified
2025-05-22 16:59:30,178 - INFO - QueueForwarder task started.
2025-05-22 16:59:30,178 - INFO - Application startup complete. All core services initialized.
2025-05-22 16:59:30,178 - INFO - Starting MessageProcessor
2025-05-22 16:59:30,178 - INFO - Starting QueueForwarder
2025-05-22 16:59:31,886 - INFO - WebSocket connection established from Address(host='127.0.0.1', port=47660)
2025-05-22 16:59:33,069 - INFO - Simulation task starting
2025-05-22 16:59:33,070 - INFO - System message enqueued to backend queue
2025-05-22 17:00:02,827 - INFO - Enqueuing valid message of type 'ping'
2025-05-22 17:00:02,827 - ERROR - Receive error: Invalid message format for queue from_frontend
2025-05-22 17:00:02,828 - INFO - Closed WebSocket connection for 127.0.0.1:47660
2025-05-22 17:00:02,828 - INFO - Connection cleanup completed for 127.0.0.1:47660
2025-05-22 17:00:02,828 - ERROR - WebSocket error: WebSocket is not connected. Need to call "accept" first.
2025-05-22 17:00:02,828 - INFO - Connection cleanup completed for Address(host='127.0.0.1', port=47660)
2025-05-22 17:00:02,828 - ERROR - Error during WebSocket cleanup: Cannot call "send" once a close message has been sent.
2025-05-22 17:00:41,664 - INFO - Application shutdown event triggered.
2025-05-22 17:00:41,664 - INFO - SimulationManager stopped.
2025-05-22 17:00:41,664 - INFO - Stopping MessageProcessor...
2025-05-22 17:00:41,664 - WARNING - QueueForwarder instance or task not available for graceful shutdown.
2025-05-22 17:00:41,664 - INFO - All WebSocket connections attempted to close.
2025-05-22 17:00:41,664 - INFO - Application shutdown complete.
2025-05-22 17:01:49,102 - INFO - Application startup event triggered.
2025-05-22 17:01:49,102 - INFO - Initializing all queues...
2025-05-22 17:01:49,102 - INFO - All queues initialized on loop 472103040
2025-05-22 17:01:49,102 - INFO - Shared queues initialized.
2025-05-22 17:01:49,102 - INFO - Retrieved queue instances. Event loop ID: 472103040
2025-05-22 17:01:49,102 - INFO - SimulationManager initialized and stored in dependencies.
2025-05-22 17:01:49,102 - INFO - MessageProcessor queues verified
2025-05-22 17:01:49,102 - INFO - MessageProcessor task started.
2025-05-22 17:01:49,102 - INFO - QueueForwarder queues verified
2025-05-22 17:01:49,102 - INFO - QueueForwarder task started.
2025-05-22 17:01:49,102 - INFO - Application startup complete. All core services initialized.
2025-05-22 17:01:49,103 - INFO - Starting MessageProcessor
2025-05-22 17:01:49,103 - INFO - Starting QueueForwarder
2025-05-22 17:01:50,829 - INFO - WebSocket connection established from Address(host='127.0.0.1', port=50690)
2025-05-22 17:01:51,951 - INFO - Simulation task starting
2025-05-22 17:01:51,951 - INFO - System message enqueued to backend queue
2025-05-22 17:02:09,373 - ERROR - Receive error: 1001
2025-05-22 17:02:09,373 - INFO - Connection cleanup completed for 127.0.0.1:50690
2025-05-22 17:02:09,373 - ERROR - WebSocket error: Cannot call "receive" once a disconnect message has been received.
2025-05-22 17:02:09,374 - INFO - Connection cleanup completed for Address(host='127.0.0.1', port=50690)
2025-05-22 17:02:09,374 - INFO - WebSocket connection closed for Address(host='127.0.0.1', port=50690)
2025-05-22 17:02:34,725 - INFO - Application shutdown event triggered.
2025-05-22 17:02:34,725 - INFO - SimulationManager stopped.
2025-05-22 17:02:34,725 - INFO - Stopping MessageProcessor...
2025-05-22 17:02:34,725 - WARNING - QueueForwarder instance or task not available for graceful shutdown.
2025-05-22 17:02:34,725 - INFO - All WebSocket connections attempted to close.
2025-05-22 17:02:34,725 - INFO - Application shutdown complete.
2025-05-22 17:05:01,103 - INFO - Application startup event triggered.
2025-05-22 17:05:01,104 - INFO - Initializing all queues...
2025-05-22 17:05:01,104 - INFO - All queues initialized on loop 331233408
2025-05-22 17:05:01,104 - INFO - Shared queues initialized.
2025-05-22 17:05:01,104 - INFO - Retrieved queue instances. Event loop ID: 331233408
2025-05-22 17:05:01,104 - INFO - SimulationManager initialized and stored in dependencies.
2025-05-22 17:05:01,104 - INFO - MessageProcessor queues verified
2025-05-22 17:05:01,104 - INFO - MessageProcessor task started.
2025-05-22 17:05:01,104 - INFO - QueueForwarder queues verified
2025-05-22 17:05:01,104 - INFO - QueueForwarder task started.
2025-05-22 17:05:01,104 - INFO - Application startup complete. All core services initialized.
2025-05-22 17:05:01,104 - INFO - Starting MessageProcessor
2025-05-22 17:05:01,104 - INFO - Starting QueueForwarder
2025-05-22 17:05:02,774 - INFO - WebSocket connection established from Address(host='127.0.0.1', port=46742)
2025-05-22 17:05:03,871 - INFO - Simulation task starting
2025-05-22 17:05:03,871 - INFO - System message enqueued to backend queue
2025-05-22 17:05:17,390 - ERROR - Receive error: 1001
2025-05-22 17:05:17,391 - INFO - Connection cleanup completed for 127.0.0.1:46742
2025-05-22 17:05:17,391 - ERROR - WebSocket error: Cannot call "receive" once a disconnect message has been received.
2025-05-22 17:05:17,391 - INFO - Connection cleanup completed for Address(host='127.0.0.1', port=46742)
2025-05-22 17:05:17,391 - INFO - WebSocket connection closed for Address(host='127.0.0.1', port=46742)
2025-05-22 17:05:19,055 - INFO - Application shutdown event triggered.
2025-05-22 17:05:19,056 - INFO - SimulationManager stopped.
2025-05-22 17:05:19,056 - INFO - Stopping MessageProcessor...
2025-05-22 17:05:19,058 - WARNING - MessageProcessor didn't stop cleanly
2025-05-22 17:05:19,058 - WARNING - QueueForwarder instance or task not available for graceful shutdown.
2025-05-22 17:05:19,058 - INFO - All WebSocket connections attempted to close.
2025-05-22 17:05:19,059 - INFO - Application shutdown complete.
2025-05-22 17:12:45,192 - INFO - Application startup event triggered.
2025-05-22 17:12:45,192 - INFO - Initializing all queues...
2025-05-22 17:12:45,192 - INFO - All queues initialized on loop 998127744
2025-05-22 17:12:45,192 - INFO - Shared queues initialized.
2025-05-22 17:12:45,192 - INFO - Retrieved queue instances. Event loop ID: 998127744
2025-05-22 17:12:45,192 - INFO - SimulationManager initialized and stored in dependencies.
2025-05-22 17:12:45,193 - INFO - MessageProcessor queues verified
2025-05-22 17:12:45,193 - INFO - MessageProcessor task started.
2025-05-22 17:12:45,193 - INFO - QueueForwarder queues verified
2025-05-22 17:12:45,193 - INFO - QueueForwarder task started.
2025-05-22 17:12:45,193 - INFO - Application startup complete. All core services initialized.
2025-05-22 17:12:45,193 - INFO - Starting MessageProcessor
2025-05-22 17:12:45,193 - INFO - Starting QueueForwarder
2025-05-22 17:12:46,908 - INFO - WebSocket connection established from Address(host='127.0.0.1', port=52376)
2025-05-22 17:13:03,804 - ERROR - Receive error: 1001
2025-05-22 17:13:03,804 - INFO - Connection cleanup completed for 127.0.0.1:52376
2025-05-22 17:13:03,804 - ERROR - WebSocket error: Cannot call "receive" once a disconnect message has been received.
2025-05-22 17:13:03,804 - INFO - Connection cleanup completed for Address(host='127.0.0.1', port=52376)
2025-05-22 17:13:03,804 - INFO - WebSocket connection closed for Address(host='127.0.0.1', port=52376)
2025-05-22 17:13:07,658 - INFO - Application shutdown event triggered.
2025-05-22 17:13:07,658 - INFO - Stopping MessageProcessor...
2025-05-22 17:13:07,658 - WARNING - MessageProcessor didn't stop cleanly
2025-05-22 17:13:07,659 - INFO - QueueForwarder task cancelled.
2025-05-22 17:13:07,659 - INFO - All WebSocket connections attempted to close.
2025-05-22 17:13:07,659 - INFO - Application shutdown complete.
2025-05-22 17:15:58,980 - INFO - Application startup event triggered.
2025-05-22 17:15:58,980 - INFO - Initializing all queues...
2025-05-22 17:15:58,980 - INFO - All queues initialized on loop 419276928
2025-05-22 17:15:58,980 - INFO - Shared queues initialized.
2025-05-22 17:15:58,980 - INFO - Retrieved queue instances. Event loop ID: 419276928
2025-05-22 17:15:58,980 - INFO - SimulationManager initialized and stored in dependencies.
2025-05-22 17:15:58,980 - INFO - MessageProcessor queues verified
2025-05-22 17:15:58,980 - INFO - MessageProcessor task started.
2025-05-22 17:15:58,980 - INFO - QueueForwarder queues verified
2025-05-22 17:15:58,981 - INFO - QueueForwarder task started.
2025-05-22 17:15:58,981 - INFO - Application startup complete. All core services initialized.
2025-05-22 17:15:58,981 - INFO - Starting MessageProcessor
2025-05-22 17:15:58,981 - INFO - Starting QueueForwarder
2025-05-22 17:16:00,696 - INFO - WebSocket connection established from Address(host='127.0.0.1', port=41692)
2025-05-22 17:16:06,141 - INFO - Simulation task starting
2025-05-22 17:16:06,141 - INFO - System message enqueued to backend queue
2025-05-22 17:16:09,557 - ERROR - Receive error: 1001
2025-05-22 17:16:09,558 - INFO - Connection cleanup completed for 127.0.0.1:41692
2025-05-22 17:16:09,558 - ERROR - WebSocket error: Cannot call "receive" once a disconnect message has been received.
2025-05-22 17:16:09,558 - INFO - Connection cleanup completed for Address(host='127.0.0.1', port=41692)
2025-05-22 17:16:09,558 - INFO - WebSocket connection closed for Address(host='127.0.0.1', port=41692)
2025-05-22 17:17:07,986 - INFO - Application shutdown event triggered.
2025-05-22 17:17:07,986 - INFO - SimulationManager stopped.
2025-05-22 17:17:07,986 - INFO - Stopping MessageProcessor...
2025-05-22 17:17:07,989 - WARNING - MessageProcessor didn't stop cleanly
2025-05-22 17:17:07,989 - WARNING - QueueForwarder instance or task not available for graceful shutdown.
2025-05-22 17:17:07,989 - INFO - All WebSocket connections attempted to close.
2025-05-22 17:17:07,989 - INFO - Application shutdown complete.
2025-05-22 17:18:10,545 - INFO - Application startup event triggered.
2025-05-22 17:18:10,545 - INFO - Initializing all queues...
2025-05-22 17:18:10,545 - INFO - All queues initialized on loop 564185216
2025-05-22 17:18:10,545 - INFO - Shared queues initialized.
2025-05-22 17:18:10,545 - INFO - Retrieved queue instances. Event loop ID: 564185216
2025-05-22 17:18:10,545 - INFO - SimulationManager initialized and stored in dependencies.
2025-05-22 17:18:10,545 - INFO - MessageProcessor queues verified
2025-05-22 17:18:10,545 - INFO - MessageProcessor task started.
2025-05-22 17:18:10,545 - INFO - QueueForwarder queues verified
2025-05-22 17:18:10,545 - INFO - QueueForwarder task started.
2025-05-22 17:18:10,545 - INFO - Application startup complete. All core services initialized.
2025-05-22 17:18:10,545 - INFO - Starting MessageProcessor
2025-05-22 17:18:10,545 - INFO - Starting QueueForwarder
2025-05-22 17:18:12,271 - INFO - WebSocket connection established from Address(host='127.0.0.1', port=41110)
2025-05-22 17:18:15,802 - INFO - Simulation task starting
2025-05-22 17:18:15,802 - INFO - System message enqueued to backend queue
2025-05-22 17:18:27,532 - ERROR - Receive error: 1001
2025-05-22 17:18:27,532 - INFO - Connection cleanup completed for 127.0.0.1:41110
2025-05-22 17:18:27,532 - ERROR - WebSocket error: Cannot call "receive" once a disconnect message has been received.
2025-05-22 17:18:27,532 - INFO - Connection cleanup completed for Address(host='127.0.0.1', port=41110)
2025-05-22 17:18:27,532 - INFO - WebSocket connection closed for Address(host='127.0.0.1', port=41110)
2025-05-22 17:18:31,100 - INFO - Application shutdown event triggered.
2025-05-22 17:18:31,100 - INFO - SimulationManager stopped.
2025-05-22 17:18:31,101 - INFO - Stopping MessageProcessor...
2025-05-22 17:18:31,103 - WARNING - MessageProcessor didn't stop cleanly
2025-05-22 17:18:31,103 - WARNING - QueueForwarder instance or task not available for graceful shutdown.
2025-05-22 17:18:31,103 - INFO - All WebSocket connections attempted to close.
2025-05-22 17:18:31,103 - INFO - Application shutdown complete.
2025-05-22 17:19:46,868 - INFO - Application startup event triggered.
2025-05-22 17:19:46,868 - INFO - Initializing all queues...
2025-05-22 17:19:46,868 - INFO - All queues initialized on loop 139960834888464
2025-05-22 17:19:46,869 - INFO - Shared queues initialized.
2025-05-22 17:19:46,869 - INFO - Retrieved queue instances. Event loop ID: 139960834888464
2025-05-22 17:19:46,869 - INFO - SimulationManager initialized and stored in dependencies.
2025-05-22 17:19:46,869 - INFO - MessageProcessor queues verified
2025-05-22 17:19:46,869 - INFO - MessageProcessor task started.
2025-05-22 17:19:46,869 - INFO - QueueForwarder queues verified
2025-05-22 17:19:46,869 - INFO - QueueForwarder task started.
2025-05-22 17:19:46,869 - INFO - Application startup complete. All core services initialized.
2025-05-22 17:19:46,869 - INFO - Starting MessageProcessor
2025-05-22 17:19:46,869 - INFO - Starting QueueForwarder
2025-05-22 17:19:48,403 - INFO - WebSocket connection established from Address(host='127.0.0.1', port=37004)
2025-05-22 17:19:52,906 - INFO - Simulation task starting
2025-05-22 17:19:52,906 - INFO - System message enqueued to backend queue
2025-05-22 17:20:05,933 - INFO - Simulation stopped
2025-05-22 17:20:08,693 - ERROR - Receive error: (1001, '')
2025-05-22 17:20:08,693 - INFO - Connection cleanup completed for 127.0.0.1:37004
2025-05-22 17:20:08,693 - ERROR - WebSocket error: Cannot call "receive" once a disconnect message has been received.
2025-05-22 17:20:08,693 - INFO - Connection cleanup completed for Address(host='127.0.0.1', port=37004)
2025-05-22 17:20:08,693 - INFO - WebSocket connection closed for Address(host='127.0.0.1', port=37004)
2025-05-22 18:17:40,258 - INFO - Application startup event triggered.
2025-05-22 18:17:40,258 - INFO - Initializing all queues...
2025-05-22 18:17:40,258 - INFO - All queues initialized on loop 476424320
2025-05-22 18:17:40,258 - INFO - Shared queues initialized.
2025-05-22 18:17:40,258 - INFO - Retrieved queue instances. Event loop ID: 476424320
2025-05-22 18:17:40,258 - INFO - SimulationManager initialized and stored in dependencies.
2025-05-22 18:17:40,258 - INFO - MessageProcessor queues verified
2025-05-22 18:17:40,258 - INFO - MessageProcessor task started.
2025-05-22 18:17:40,258 - INFO - QueueForwarder queues verified
2025-05-22 18:17:40,258 - INFO - QueueForwarder task started.
2025-05-22 18:17:40,258 - INFO - Application startup complete. All core services initialized.
2025-05-22 18:17:40,258 - INFO - Starting MessageProcessor
2025-05-22 18:17:40,258 - INFO - Starting QueueForwarder
2025-05-22 18:17:41,929 - INFO - WebSocket connection established from Address(host='127.0.0.1', port=36604)
2025-05-22 18:17:43,581 - INFO - Simulation task starting
2025-05-22 18:17:43,581 - INFO - System message enqueued to backend queue
2025-05-22 18:18:11,940 - INFO - Enqueuing valid message of type 'ping'
2025-05-22 18:18:11,940 - ERROR - Receive error: Invalid message format for queue from_frontend
2025-05-22 18:18:11,941 - INFO - Closed WebSocket connection for 127.0.0.1:36604
2025-05-22 18:18:11,941 - INFO - Connection cleanup completed for 127.0.0.1:36604
2025-05-22 18:18:11,941 - ERROR - WebSocket error: WebSocket is not connected. Need to call "accept" first.
2025-05-22 18:18:11,941 - INFO - Connection cleanup completed for Address(host='127.0.0.1', port=36604)
2025-05-22 18:18:11,941 - ERROR - Error during WebSocket cleanup: Cannot call "send" once a close message has been sent.
2025-05-22 18:18:33,380 - INFO - Application shutdown event triggered.
2025-05-22 18:18:33,380 - INFO - SimulationManager stopped.
2025-05-22 18:18:33,380 - INFO - Stopping MessageProcessor...
2025-05-22 18:18:33,380 - WARNING - QueueForwarder instance or task not available for graceful shutdown.
2025-05-22 18:18:33,380 - INFO - All WebSocket connections attempted to close.
2025-05-22 18:18:33,380 - INFO - Application shutdown complete.
2025-05-22 18:29:12,764 - INFO - Application startup event triggered.
2025-05-22 18:29:12,764 - INFO - Initializing all queues...
2025-05-22 18:29:12,764 - INFO - All queues initialized on loop 303675520
2025-05-22 18:29:12,765 - INFO - Shared queues initialized.
2025-05-22 18:29:12,765 - INFO - Retrieved queue instances. Event loop ID: 303675520
2025-05-22 18:29:12,765 - INFO - SimulationManager initialized and stored in dependencies.
2025-05-22 18:29:12,765 - INFO - MessageProcessor queues verified
2025-05-22 18:29:12,765 - INFO - MessageProcessor task started.
2025-05-22 18:29:12,765 - INFO - QueueForwarder queues verified
2025-05-22 18:29:12,765 - INFO - QueueForwarder task started.
2025-05-22 18:29:12,765 - INFO - Application startup complete. All core services initialized.
2025-05-22 18:29:12,765 - INFO - Starting MessageProcessor
2025-05-22 18:29:12,765 - INFO - Starting QueueForwarder
2025-05-22 18:29:14,304 - INFO - WebSocket connection established from Address(host='127.0.0.1', port=42396)
2025-05-22 18:29:44,315 - INFO - Enqueuing valid message of type 'ping'
2025-05-22 18:29:44,315 - ERROR - Receive error: Invalid message format for queue from_frontend
2025-05-22 18:29:44,315 - INFO - Closed WebSocket connection for 127.0.0.1:42396
2025-05-22 18:29:44,316 - INFO - Connection cleanup completed for 127.0.0.1:42396
2025-05-22 18:29:44,316 - ERROR - WebSocket error: WebSocket is not connected. Need to call "accept" first.
2025-05-22 18:29:44,316 - INFO - Connection cleanup completed for Address(host='127.0.0.1', port=42396)
2025-05-22 18:29:44,316 - ERROR - Error during WebSocket cleanup: Cannot call "send" once a close message has been sent.
2025-05-22 18:54:49,199 - INFO - Application shutdown event triggered.
2025-05-22 18:54:49,199 - INFO - Stopping MessageProcessor...
2025-05-22 18:54:49,200 - WARNING - QueueForwarder instance or task not available for graceful shutdown.
2025-05-22 18:54:49,200 - INFO - All WebSocket connections attempted to close.
2025-05-22 18:54:49,200 - INFO - Application shutdown complete.
2025-05-22 18:54:51,510 - INFO - Application startup event triggered.
2025-05-22 18:54:51,510 - INFO - Initializing all queues...
2025-05-22 18:54:51,510 - INFO - All queues initialized on loop 604801152
2025-05-22 18:54:51,510 - INFO - Shared queues initialized.
2025-05-22 18:54:51,510 - INFO - Retrieved queue instances. Event loop ID: 604801152
2025-05-22 18:54:51,510 - INFO - SimulationManager initialized and stored in dependencies.
2025-05-22 18:54:51,510 - INFO - MessageProcessor queues verified
2025-05-22 18:54:51,510 - INFO - MessageProcessor task started.
2025-05-22 18:54:51,510 - INFO - QueueForwarder queues verified
2025-05-22 18:54:51,510 - INFO - QueueForwarder task started.
2025-05-22 18:54:51,510 - INFO - Application startup complete. All core services initialized.
2025-05-22 18:54:51,510 - INFO - Starting MessageProcessor
2025-05-22 18:54:51,510 - INFO - Starting QueueForwarder
2025-05-22 18:54:53,076 - INFO - WebSocket connection established from Address(host='127.0.0.1', port=37088)
2025-05-22 18:55:23,090 - INFO - Enqueuing valid message of type 'ping'
2025-05-22 18:55:23,090 - ERROR - Receive error: Invalid message format for queue from_frontend
2025-05-22 18:55:23,090 - INFO - Closed WebSocket connection for 127.0.0.1:37088
2025-05-22 18:55:23,091 - INFO - Connection cleanup completed for 127.0.0.1:37088
2025-05-22 18:55:23,091 - ERROR - WebSocket error: WebSocket is not connected. Need to call "accept" first.
2025-05-22 18:55:23,091 - INFO - Connection cleanup completed for Address(host='127.0.0.1', port=37088)
2025-05-22 18:55:23,091 - ERROR - Error during WebSocket cleanup: Cannot call "send" once a close message has been sent.
2025-05-22 20:19:52,338 - INFO - Application shutdown event triggered.
2025-05-22 20:19:52,338 - INFO - Stopping MessageProcessor...
2025-05-22 20:19:52,339 - WARNING - MessageProcessor didn't stop cleanly
2025-05-22 20:19:52,339 - INFO - QueueForwarder task cancelled.
2025-05-22 20:19:52,339 - INFO - All WebSocket connections attempted to close.
2025-05-22 20:19:52,339 - INFO - Application shutdown complete.
2025-05-22 20:19:53,272 - INFO - Application startup event triggered.
2025-05-22 20:19:53,272 - INFO - Initializing all queues...
2025-05-22 20:19:53,272 - INFO - All queues initialized on loop 955973840
2025-05-22 20:19:53,272 - INFO - Shared queues initialized.
2025-05-22 20:19:53,272 - INFO - Retrieved queue instances. Event loop ID: 955973840
2025-05-22 20:19:53,272 - INFO - SimulationManager initialized and stored in dependencies.
2025-05-22 20:19:53,272 - INFO - MessageProcessor queues verified
2025-05-22 20:19:53,272 - INFO - MessageProcessor task started.
2025-05-22 20:19:53,272 - INFO - QueueForwarder queues verified
2025-05-22 20:19:53,273 - INFO - QueueForwarder task started.
2025-05-22 20:19:53,273 - INFO - Application startup complete. All core services initialized.
2025-05-22 20:19:53,273 - INFO - Starting MessageProcessor
2025-05-22 20:19:53,273 - INFO - Starting QueueForwarder
2025-05-22 20:20:05,118 - INFO - Application startup event triggered.
2025-05-22 20:20:05,119 - INFO - Initializing all queues...
2025-05-22 20:20:05,119 - INFO - All queues initialized on loop 139979166509120
2025-05-22 20:20:05,119 - INFO - Shared queues initialized.
2025-05-22 20:20:05,119 - INFO - Retrieved queue instances. Event loop ID: 139979166509120
2025-05-22 20:20:05,120 - INFO - SimulationManager initialized and stored in dependencies.
2025-05-22 20:20:05,120 - INFO - MessageProcessor queues verified
2025-05-22 20:20:05,120 - INFO - MessageProcessor task started.
2025-05-22 20:20:05,120 - INFO - QueueForwarder queues verified
2025-05-22 20:20:05,120 - INFO - QueueForwarder task started.
2025-05-22 20:20:05,120 - INFO - Application startup complete. All core services initialized.
2025-05-22 20:20:05,121 - INFO - Starting MessageProcessor
2025-05-22 20:20:05,121 - INFO - Starting QueueForwarder
